Generated at 2021-08-15 20:14:09 +0000
Net::HTTPServerException: 412 "Precondition Failed"
/opt/chef-workstation/embedded/lib/ruby/2.7.0/net/http/response.rb:124:in `error!'
/opt/chef-workstation/embedded/lib/ruby/gems/2.7.0/gems/chef-16.10.8/lib/chef/http.rb:154:in `request'
/opt/chef-workstation/embedded/lib/ruby/gems/2.7.0/gems/chef-16.10.8/lib/chef/http.rb:133:in `post'
/opt/chef-workstation/embedded/lib/ruby/gems/2.7.0/gems/chef-16.10.8/lib/chef/policy_builder/expand_node_object.rb:186:in `sync_cookbooks'
/opt/chef-workstation/embedded/lib/ruby/gems/2.7.0/gems/chef-16.10.8/lib/chef/policy_builder/expand_node_object.rb:89:in `setup_run_context'
/opt/chef-workstation/embedded/lib/ruby/2.7.0/forwardable.rb:235:in `setup_run_context'
/opt/chef-workstation/embedded/lib/ruby/gems/2.7.0/gems/chef-16.10.8/lib/chef/client.rb:496:in `setup_run_context'
/opt/chef-workstation/embedded/lib/ruby/gems/2.7.0/gems/chef-16.10.8/lib/chef/client.rb:282:in `run'
/opt/chef-workstation/embedded/lib/ruby/gems/2.7.0/gems/chef-16.10.8/lib/chef/application.rb:305:in `run_with_graceful_exit_option'
/opt/chef-workstation/embedded/lib/ruby/gems/2.7.0/gems/chef-16.10.8/lib/chef/application.rb:281:in `block in run_chef_client'
/opt/chef-workstation/embedded/lib/ruby/gems/2.7.0/gems/chef-16.10.8/lib/chef/local_mode.rb:42:in `with_server_connectivity'
/opt/chef-workstation/embedded/lib/ruby/gems/2.7.0/gems/chef-16.10.8/lib/chef/application.rb:264:in `run_chef_client'
/opt/chef-workstation/embedded/lib/ruby/gems/2.7.0/gems/chef-16.10.8/lib/chef/application/base.rb:337:in `run_application'
/opt/chef-workstation/embedded/lib/ruby/gems/2.7.0/gems/chef-16.10.8/lib/chef/application.rb:67:in `run'
/opt/chef-workstation/embedded/lib/ruby/gems/2.7.0/gems/chef-16.10.8/lib/chef/application/solo.rb:60:in `run'
/opt/chef-workstation/embedded/lib/ruby/gems/2.7.0/gems/chef-bin-16.10.8/bin/chef-solo:24:in `<top (required)>'
/usr/bin/chef-solo:355:in `load'
/usr/bin/chef-solo:355:in `<main>'